<?xml version="1.0" encoding="UTF-8"?>
<!-- Generated by org.testng.reporters.JUnitReportReporter -->
<testsuite skipped="0" hostname="Ankushas-MacBook-Air.local" name="testcases.eBayandroid.SearchProduct" tests="1" failures="0" timestamp="17 Jan 2019 11:28:21 GMT" time="169.143" errors="0">
  <testcase name="searchProduct" time="169.143" classname="testcases.eBayandroid.SearchProduct"/>
</testsuite> <!-- testcases.eBayandroid.SearchProduct -->
